2022-05-12 00:23:32.995  INFO 4041 --- [MessageBroker-1] o.s.w.s.c.WebSocketMessageBrokerStats    : WebSocketSession[0 current WS(0)-HttpStream(0)-HttpPoll(0), 3 total, 0 closed abnormally (0 connect failure, 0 send limit, 0 transport error)], stompSubProtocol[processed CONNECT(3)-CONNECTED(3)-DISCONNECT(0)], stompBrokerRelay[null], inboundChannel[pool size = 0, active threads = 0, queued tasks = 0, completed tasks = 39], outboundChannel[pool size = 0, active threads = 0, queued tasks = 0, completed tasks = 10], sockJsScheduler[pool size = 4, active threads = 1, queued tasks = 1, completed tasks = 515]
2022-05-12 00:53:32.995  INFO 4041 --- [MessageBroker-4] o.s.w.s.c.WebSocketMessageBrokerStats    : WebSocketSession[0 current WS(0)-HttpStream(0)-HttpPoll(0), 3 total, 0 closed abnormally (0 connect failure, 0 send limit, 0 transport error)], stompSubProtocol[processed CONNECT(3)-CONNECTED(3)-DISCONNECT(0)], stompBrokerRelay[null], inboundChannel[pool size = 0, active threads = 0, queued tasks = 0, completed tasks = 39], outboundChannel[pool size = 0, active threads = 0, queued tasks = 0, completed tasks = 10], sockJsScheduler[pool size = 4, active threads = 1, queued tasks = 1, completed tasks = 876]
2022-05-12 01:04:54.867  INFO 8933 --- [main] c.s.h.JUnitControllerInitializationTest  : Starting JUnitControllerInitializationTest on shwetank-Inspiron-5558 with PID 8933 (started by shwetank in /home/shwetank/IdeaProjects/SharingHand)
2022-05-12 01:04:54.870  INFO 8933 --- [main] c.s.h.JUnitControllerInitializationTest  : No active profile set, falling back to default profiles: default
2022-05-12 01:04:56.975  INFO 8933 --- [main] .s.d.r.c.RepositoryConfigurationDelegate : Bootstrapping Spring Data repositories in DEFAULT mode.
2022-05-12 01:04:57.181  INFO 8933 --- [main] .s.d.r.c.RepositoryConfigurationDelegate : Finished Spring Data repository scanning in 169ms. Found 8 repository interfaces.
2022-05-12 01:04:57.942  INFO 8933 --- [main] trationDelegate$BeanPostProcessorChecker : Bean 'org.springframework.transaction.annotation.ProxyTransactionManagementConfiguration' of type [org.springframework.transaction.annotation.ProxyTransactionManagementConfiguration$$EnhancerBySpringCGLIB$$330936a2] is not eligible for getting processed by all BeanPostProcessors (for example: not eligible for auto-proxying)
2022-05-12 01:04:58.334  INFO 8933 --- [main] com.zaxxer.hikari.HikariDataSource       : HikariPool-1 - Starting...
2022-05-12 01:05:01.573  INFO 8933 --- [main] com.zaxxer.hikari.HikariDataSource       : HikariPool-1 - Start completed.
2022-05-12 01:05:01.773  INFO 8933 --- [main] o.hibernate.jpa.internal.util.LogHelper  : HHH000204: Processing PersistenceUnitInfo [
	name: default
	...]
2022-05-12 01:05:01.928  INFO 8933 --- [main] org.hibernate.Version                    : HHH000412: Hibernate Core {5.3.7.Final}
2022-05-12 01:05:01.930  INFO 8933 --- [main] org.hibernate.cfg.Environment            : HHH000206: hibernate.properties not found
2022-05-12 01:05:02.288  INFO 8933 --- [main] o.hibernate.annotations.common.Version   : HCANN000001: Hibernate Commons Annotations {5.0.4.Final}
2022-05-12 01:05:02.958  INFO 8933 --- [main] org.hibernate.dialect.Dialect            : HHH000400: Using dialect: org.hibernate.dialect.MySQL5Dialect
2022-05-12 01:05:04.416  INFO 8933 --- [main] j.LocalContainerEntityManagerFactoryBean : Initialized JPA EntityManagerFactory for persistence unit 'default'
2022-05-12 01:05:05.955  INFO 8933 --- [main] o.s.s.concurrent.ThreadPoolTaskExecutor  : Initializing ExecutorService 'clientInboundChannelExecutor'
2022-05-12 01:05:05.967  INFO 8933 --- [main] o.s.s.concurrent.ThreadPoolTaskExecutor  : Initializing ExecutorService 'clientOutboundChannelExecutor'
2022-05-12 01:05:06.514  INFO 8933 --- [main] o.s.s.web.DefaultSecurityFilterChain     : Creating filter chain: any request, [org.springframework.security.web.context.request.async.WebAsyncManagerIntegrationFilter@6b92a0d1, org.springframework.security.web.context.SecurityContextPersistenceFilter@320e179f, org.springframework.security.web.header.HeaderWriterFilter@349996a6, org.springframework.security.web.csrf.CsrfFilter@1983a4e4, org.springframework.security.web.authentication.logout.LogoutFilter@115a7e51, org.springframework.security.web.authentication.UsernamePasswordAuthenticationFilter@51c6e775, org.springframework.security.web.savedrequest.RequestCacheAwareFilter@486dd616, org.springframework.security.web.servletapi.SecurityContextHolderAwareRequestFilter@3faa55, org.springframework.security.web.authentication.AnonymousAuthenticationFilter@4b9ed99d, org.springframework.security.web.session.SessionManagementFilter@67292fc7, org.springframework.security.web.access.ExceptionTranslationFilter@7526bb18, org.springframework.security.web.access.intercept.FilterSecurityInterceptor@7a71ebf1]
2022-05-12 01:05:06.576  INFO 8933 --- [main] o.s.s.c.ThreadPoolTaskScheduler          : Initializing ExecutorService 'messageBrokerTaskScheduler'
2022-05-12 01:05:06.654  INFO 8933 --- [main] o.s.s.concurrent.ThreadPoolTaskExecutor  : Initializing ExecutorService 'brokerChannelExecutor'
2022-05-12 01:05:07.442  WARN 8933 --- [main] aWebConfiguration$JpaWebMvcConfiguration : spring.jpa.open-in-view is enabled by default. Therefore, database queries may be performed during view rendering. Explicitly configure spring.jpa.open-in-view to disable this warning
2022-05-12 01:05:07.911  INFO 8933 --- [main] o.s.m.s.b.SimpleBrokerMessageHandler     : Starting...
2022-05-12 01:05:07.912  INFO 8933 --- [main] o.s.m.s.b.SimpleBrokerMessageHandler     : BrokerAvailabilityEvent[available=true, SimpleBrokerMessageHandler [DefaultSubscriptionRegistry[cache[0 destination(s)], registry[0 sessions]]]]
2022-05-12 01:05:07.913  INFO 8933 --- [main] o.s.m.s.b.SimpleBrokerMessageHandler     : Started.
2022-05-12 01:05:07.928  INFO 8933 --- [main] c.s.h.JUnitControllerInitializationTest  : Started JUnitControllerInitializationTest in 13.73 seconds (JVM running for 16.124)
2022-05-12 01:05:08.298  INFO 8933 --- [Thread-1] o.s.m.s.b.SimpleBrokerMessageHandler     : Stopping...
2022-05-12 01:05:08.299  INFO 8933 --- [Thread-1] o.s.m.s.b.SimpleBrokerMessageHandler     : BrokerAvailabilityEvent[available=false, SimpleBrokerMessageHandler [DefaultSubscriptionRegistry[cache[0 destination(s)], registry[0 sessions]]]]
2022-05-12 01:05:08.299  INFO 8933 --- [Thread-1] o.s.m.s.b.SimpleBrokerMessageHandler     : Stopped.
2022-05-12 01:05:08.301  INFO 8933 --- [Thread-1] o.s.s.concurrent.ThreadPoolTaskExecutor  : Shutting down ExecutorService 'brokerChannelExecutor'
2022-05-12 01:05:08.301  INFO 8933 --- [Thread-1] o.s.s.c.ThreadPoolTaskScheduler          : Shutting down ExecutorService 'messageBrokerTaskScheduler'
2022-05-12 01:05:08.303  INFO 8933 --- [Thread-1] o.s.s.concurrent.ThreadPoolTaskExecutor  : Shutting down ExecutorService 'clientOutboundChannelExecutor'
2022-05-12 01:05:08.303  INFO 8933 --- [Thread-1] o.s.s.concurrent.ThreadPoolTaskExecutor  : Shutting down ExecutorService 'clientInboundChannelExecutor'
2022-05-12 01:05:08.307  INFO 8933 --- [Thread-1] j.LocalContainerEntityManagerFactoryBean : Closing JPA EntityManagerFactory for persistence unit 'default'
2022-05-12 01:05:08.313  INFO 8933 --- [Thread-1] com.zaxxer.hikari.HikariDataSource       : HikariPool-1 - Shutdown initiated...
2022-05-12 01:05:09.047  INFO 8933 --- [Thread-1] com.zaxxer.hikari.HikariDataSource       : HikariPool-1 - Shutdown completed.
